# JRE version: OpenJDK Runtime Environment Temurin-21.0.3+9 (21.0.3+9) (build 21.0.3+9-LTS)
# Java VM: OpenJDK 64-Bit Server VM Temurin-21.0.3+9 (21.0.3+9-LTS, mixed mode, tiered, compressed oops, compressed class ptrs, g1 gc, bsd-aarch64)
Heap:
 garbage-first heap   total 131072K, used 81103K [0x0000000780000000, 0x0000000800000000)
  region size 1024K, 48 young (49152K), 1 survivors (1024K)
 Metaspace       used 16385K, committed 16640K, reserved 1114112K
  class space    used 1518K, committed 1600K, reserved 1048576K
GC Heap History (10 events):
Event: 1.289 GC heap before
{Heap before GC invocations=0 (full 0):
 garbage-first heap   total 131072K, used 45056K [0x0000000780000000, 0x0000000800000000)
  region size 1024K, 23 young (23552K), 0 survivors (0K)
 Metaspace       used 15177K, committed 15360K, reserved 1114112K
  class space    used 1477K, committed 1536K, reserved 1048576K
}
Event: 1.291 GC heap after
{Heap after GC invocations=1 (full 0):
 garbage-first heap   total 131072K, used 26042K [0x0000000780000000, 0x0000000800000000)
  region size 1024K, 3 young (3072K), 3 survivors (3072K)
 Metaspace       used 15177K, committed 15360K, reserved 1114112K
  class space    used 1477K, committed 1536K, reserved 1048576K
}
Event: 23.808 GC heap before
{Heap before GC invocations=1 (full 0):
 garbage-first heap   total 131072K, used 81338K [0x0000000780000000, 0x0000000800000000)
  region size 1024K, 36 young (36864K), 3 survivors (3072K)
 Metaspace       used 15795K, committed 16000K, reserved 1114112K
  class space    used 1516K, committed 1600K, reserved 1048576K
}
Event: 23.811 GC heap after
{Heap after GC invocations=2 (full 0):
 garbage-first heap   total 131072K, used 40554K [0x0000000780000000, 0x0000000800000000)
  region size 1024K, 1 young (1024K), 1 survivors (1024K)
 Metaspace       used 15795K, committed 16000K, reserved 1114112K
  class space    used 1516K, committed 1600K, reserved 1048576K
}
Event: 123.641 GC heap before
{Heap before GC invocations=2 (full 0):
 garbage-first heap   total 131072K, used 117354K [0x0000000780000000, 0x0000000800000000)
  region size 1024K, 76 young (77824K), 1 survivors (1024K)
 Metaspace       used 16201K, committed 16448K, reserved 1114112K
  class space    used 1518K, committed 1600K, reserved 1048576K
}
Event: 123.657 GC heap after
{Heap after GC invocations=3 (full 0):
 garbage-first heap   total 131072K, used 33481K [0x0000000780000000, 0x0000000800000000)
  region size 1024K, 1 young (1024K), 1 survivors (1024K)
 Metaspace       used 16201K, committed 16448K, reserved 1114112K
  class space    used 1518K, committed 1600K, reserved 1048576K
}
Event: 223.865 GC heap before
{Heap before GC invocations=3 (full 0):
 garbage-first heap   total 131072K, used 110281K [0x0000000780000000, 0x0000000800000000)
  region size 1024K, 76 young (77824K), 1 survivors (1024K)
 Metaspace       used 16304K, committed 16512K, reserved 1114112K
  class space    used 1518K, committed 1600K, reserved 1048576K
}
Event: 223.877 GC heap after
{Heap after GC invocations=4 (full 0):
 garbage-first heap   total 131072K, used 33456K [0x0000000780000000, 0x0000000800000000)
  region size 1024K, 1 young (1024K), 1 survivors (1024K)
 Metaspace       used 16304K, committed 16512K, reserved 1114112K
  class space    used 1518K, committed 1600K, reserved 1048576K
}
Event: 325.210 GC heap before
{Heap before GC invocations=4 (full 0):
 garbage-first heap   total 131072K, used 110256K [0x0000000780000000, 0x0000000800000000)
  region size 1024K, 76 young (77824K), 1 survivors (1024K)
 Metaspace       used 16385K, committed 16640K, reserved 1114112K
  class space    used 1518K, committed 1600K, reserved 1048576K
}
Event: 325.244 GC heap after
{Heap after GC invocations=5 (full 0):
 garbage-first heap   total 131072K, used 33479K [0x0000000780000000, 0x0000000800000000)
  region size 1024K, 1 young (1024K), 1 survivors (1024K)
 Metaspace       used 16385K, committed 16640K, reserved 1114112K
  class space    used 1518K, committed 1600K, reserved 1048576K
}

